#! /c/Source/iverilog-install/bin/vvp
:ivl_version "12.0 (devel)" "(s20150603-1539-g2693dd32b)";
:ivl_delay_selection "TYPICAL";
:vpi_time_precision + 0;
:vpi_module "C:\iverilog\lib\ivl\system.vpi";
:vpi_module "C:\iverilog\lib\ivl\vhdl_sys.vpi";
:vpi_module "C:\iverilog\lib\ivl\vhdl_textio.vpi";
:vpi_module "C:\iverilog\lib\ivl\v2005_math.vpi";
:vpi_module "C:\iverilog\lib\ivl\va_math.vpi";
S_000001da0a9366d0 .scope module, "eeprom_top" "eeprom_top" 2 3;
 .timescale 0 0;
    .port_info 0 /INPUT 1 "clk";
    .port_info 1 /INPUT 1 "rst";
    .port_info 2 /INPUT 1 "newd";
    .port_info 3 /INPUT 1 "ack";
    .port_info 4 /INPUT 1 "wr";
    .port_info 5 /OUTPUT 1 "scl";
    .port_info 6 /INOUT 1 "sda";
    .port_info 7 /INPUT 8 "wdata";
    .port_info 8 /INPUT 7 "addr";
    .port_info 9 /OUTPUT 8 "rdata";
    .port_info 10 /OUTPUT 1 "done";
P_000001da0a936860 .param/l "check_wr" 0 2 24, +C4<00000000000000000000000000000001>;
P_000001da0a936898 .param/l "idle" 0 2 24, +C4<00000000000000000000000000000000>;
P_000001da0a9368d0 .param/l "raddr_ack" 0 2 26, +C4<00000000000000000000000000001001>;
P_000001da0a936908 .param/l "rdata_ack" 0 2 26, +C4<00000000000000000000000000001011>;
P_000001da0a936940 .param/l "rsend_addr" 0 2 25, +C4<00000000000000000000000000001000>;
P_000001da0a936978 .param/l "rsend_data" 0 2 26, +C4<00000000000000000000000000001010>;
P_000001da0a9369b0 .param/l "rstop" 0 2 26, +C4<00000000000000000000000000001100>;
P_000001da0a9369e8 .param/l "waddr_ack" 0 2 24, +C4<00000000000000000000000000000100>;
P_000001da0a936a20 .param/l "wdata_ack" 0 2 25, +C4<00000000000000000000000000000110>;
P_000001da0a936a58 .param/l "wsend_addr" 0 2 24, +C4<00000000000000000000000000000011>;
P_000001da0a936a90 .param/l "wsend_data" 0 2 25, +C4<00000000000000000000000000000101>;
P_000001da0a936ac8 .param/l "wstart" 0 2 24, +C4<00000000000000000000000000000010>;
P_000001da0a936b00 .param/l "wstop" 0 2 25, +C4<00000000000000000000000000000111>;
L_000001da0a990f70 .functor OR 1, L_000001da0a9f6b90, L_000001da0a9f6ff0, C4<0>, C4<0>;
L_000001da0aa88e70 .functor OR 1, L_000001da0a990f70, L_000001da0a9f67d0, C4<0>, C4<0>;
L_000001da0aa40238 .functor BUFT 1, C4<1>, C4<0>, C4<0>, C4<0>;
L_000001da0aa88af0 .functor XNOR 1, v000001da0a9f7270_0, L_000001da0aa40238, C4<0>, C4<0>;
v000001da0a97a4e0_0 .net *"_ivl_0", 31 0, L_000001da0a9f65f0;  1 drivers
L_000001da0aa40118 .functor BUFT 1, C4<0000000000000000000000000000>, C4<0>, C4<0>, C4<0>;
v000001da0a936d30_0 .net *"_ivl_11", 27 0, L_000001da0aa40118;  1 drivers
L_000001da0aa40160 .functor BUFT 1, C4<00000000000000000000000000000111>, C4<0>, C4<0>, C4<0>;
v000001da0a9f5890_0 .net/2u *"_ivl_12", 31 0, L_000001da0aa40160;  1 drivers
v000001da0a9f59d0_0 .net *"_ivl_14", 0 0, L_000001da0a9f6ff0;  1 drivers
v000001da0a9f6010_0 .net *"_ivl_17", 0 0, L_000001da0a990f70;  1 drivers
v000001da0a9f5570_0 .net *"_ivl_18", 31 0, L_000001da0a9f6410;  1 drivers
L_000001da0aa401a8 .functor BUFT 1, C4<0000000000000000000000000000>, C4<0>, C4<0>, C4<0>;
v000001da0a9f51b0_0 .net *"_ivl_21", 27 0, L_000001da0aa401a8;  1 drivers
L_000001da0aa401f0 .functor BUFT 1, C4<00000000000000000000000000001100>, C4<0>, C4<0>, C4<0>;
v000001da0a9f5390_0 .net/2u *"_ivl_22", 31 0, L_000001da0aa401f0;  1 drivers
v000001da0a9f5430_0 .net *"_ivl_24", 0 0, L_000001da0a9f67d0;  1 drivers
v000001da0a9f5a70_0 .net *"_ivl_27", 0 0, L_000001da0aa88e70;  1 drivers
L_000001da0aa40088 .functor BUFT 1, C4<0000000000000000000000000000>, C4<0>, C4<0>, C4<0>;
v000001da0a9f5250_0 .net *"_ivl_3", 27 0, L_000001da0aa40088;  1 drivers
v000001da0a9f5ed0_0 .net/2u *"_ivl_30", 0 0, L_000001da0aa40238;  1 drivers
v000001da0a9f54d0_0 .net *"_ivl_32", 0 0, L_000001da0aa88af0;  1 drivers
o000001da0a99f258 .functor BUFZ 1, C4<z>; HiZ drive
; Elide local net with no drivers, v000001da0a9f5610_0 name=_ivl_34
L_000001da0aa400d0 .functor BUFT 1, C4<00000000000000000000000000000010>, C4<0>, C4<0>, C4<0>;
v000001da0a9f5f70_0 .net/2u *"_ivl_4", 31 0, L_000001da0aa400d0;  1 drivers
v000001da0a9f56b0_0 .net *"_ivl_6", 0 0, L_000001da0a9f6b90;  1 drivers
v000001da0a9f5750_0 .net *"_ivl_8", 31 0, L_000001da0a9f6690;  1 drivers
o000001da0a99f318 .functor BUFZ 1, C4<z>; HiZ drive
v000001da0a9f57f0_0 .net "ack", 0 0, o000001da0a99f318;  0 drivers
o000001da0a99f348 .functor BUFZ 7, C4<zzzzzzz>; HiZ drive
v000001da0a9f5d90_0 .net "addr", 6 0, o000001da0a99f348;  0 drivers
v000001da0a9f5b10_0 .var "addrt", 7 0;
o000001da0a99f3a8 .functor BUFZ 1, C4<z>; HiZ drive
v000001da0a9f5bb0_0 .net "clk", 0 0, o000001da0a99f3a8;  0 drivers
v000001da0a9f5c50_0 .var/i "count", 31 0;
v000001da0a9f5e30_0 .var "done", 0 0;
v000001da0a9f5cf0_0 .var "donet", 0 0;
v000001da0a9f5110_0 .var/i "i", 31 0;
o000001da0a99f498 .functor BUFZ 1, C4<z>; HiZ drive
v000001da0a9f5930_0 .net "newd", 0 0, o000001da0a99f498;  0 drivers
v000001da0a9f52f0_0 .var "rdata", 7 0;
o000001da0a99f4f8 .functor BUFZ 1, C4<z>; HiZ drive
v000001da0a9f6a50_0 .net "rst", 0 0, o000001da0a99f4f8;  0 drivers
v000001da0a9f79f0_0 .net "scl", 0 0, L_000001da0a9f7ef0;  1 drivers
v000001da0a9f6eb0_0 .var "sclk_ref", 0 0;
v000001da0a9f6550_0 .var "sclt", 0 0;
v000001da0a9f7770_0 .net "sda", 0 0, L_000001da0a9f71d0;  1 drivers
v000001da0a9f7270_0 .var "sda_en", 0 0;
v000001da0a9f69b0_0 .var "sdat", 0 0;
v000001da0a9f6af0_0 .var "state", 3 0;
o000001da0a99f678 .functor BUFZ 8, C4<zzzzzzzz>; HiZ drive
v000001da0a9f6c30_0 .net "wdata", 7 0, o000001da0a99f678;  0 drivers
o000001da0a99f6a8 .functor BUFZ 1, C4<z>; HiZ drive
v000001da0a9f7310_0 .net "wr", 0 0, o000001da0a99f6a8;  0 drivers
E_000001da0a93c690 .event posedge, v000001da0a9f6a50_0, v000001da0a9f6eb0_0;
E_000001da0a93c090 .event posedge, v000001da0a9f5bb0_0;
L_000001da0a9f65f0 .concat [ 4 28 0 0], v000001da0a9f6af0_0, L_000001da0aa40088;
L_000001da0a9f6b90 .cmp/eq 32, L_000001da0a9f65f0, L_000001da0aa400d0;
L_000001da0a9f6690 .concat [ 4 28 0 0], v000001da0a9f6af0_0, L_000001da0aa40118;
L_000001da0a9f6ff0 .cmp/eq 32, L_000001da0a9f6690, L_000001da0aa40160;
L_000001da0a9f6410 .concat [ 4 28 0 0], v000001da0a9f6af0_0, L_000001da0aa401a8;
L_000001da0a9f67d0 .cmp/eq 32, L_000001da0a9f6410, L_000001da0aa401f0;
L_000001da0a9f7ef0 .functor MUXZ 1, v000001da0a9f6eb0_0, L_000001da0a9f7ef0, L_000001da0aa88e70, C4<>;
L_000001da0a9f71d0 .functor MUXZ 1, o000001da0a99f258, v000001da0a9f69b0_0, L_000001da0aa88af0, C4<>;
    .scope S_000001da0a9366d0;
T_0 ;
    %pushi/vec4 0, 0, 1;
    %store/vec4 v000001da0a9f7270_0, 0, 1;
    %pushi/vec4 0, 0, 1;
    %store/vec4 v000001da0a9f6eb0_0, 0, 1;
    %pushi/vec4 0, 0, 32;
    %store/vec4 v000001da0a9f5c50_0, 0, 32;
    %pushi/vec4 0, 0, 32;
    %store/vec4 v000001da0a9f5110_0, 0, 32;
    %end;
    .thread T_0;
    .scope S_000001da0a9366d0;
T_1 ;
    %wait E_000001da0a93c090;
    %load/vec4 v000001da0a9f5c50_0;
    %cmpi/s 9, 0, 32;
    %flag_or 5, 4;
    %jmp/0xz  T_1.0, 5;
    %load/vec4 v000001da0a9f5c50_0;
    %addi 1, 0, 32;
    %assign/vec4 v000001da0a9f5c50_0, 0;
    %jmp T_1.1;
T_1.0 ;
    %pushi/vec4 0, 0, 32;
    %assign/vec4 v000001da0a9f5c50_0, 0;
    %load/vec4 v000001da0a9f6eb0_0;
    %inv;
    %assign/vec4 v000001da0a9f6eb0_0, 0;
T_1.1 ;
    %jmp T_1;
    .thread T_1;
    .scope S_000001da0a9366d0;
T_2 ;
    %wait E_000001da0a93c690;
    %load/vec4 v000001da0a9f6a50_0;
    %cmpi/e 1, 0, 1;
    %jmp/0xz  T_2.0, 4;
    %pushi/vec4 0, 0, 1;
    %assign/vec4 v000001da0a9f6550_0, 0;
    %pushi/vec4 0, 0, 1;
    %assign/vec4 v000001da0a9f69b0_0, 0;
    %pushi/vec4 0, 0, 1;
    %assign/vec4 v000001da0a9f5cf0_0, 0;
    %jmp T_2.1;
T_2.0 ;
    %load/vec4 v000001da0a9f6af0_0;
    %dup/vec4;
    %pushi/vec4 0, 0, 4;
    %cmp/u;
    %jmp/1 T_2.2, 6;
    %dup/vec4;
    %pushi/vec4 2, 0, 4;
    %cmp/u;
    %jmp/1 T_2.3, 6;
    %dup/vec4;
    %pushi/vec4 1, 0, 4;
    %cmp/u;
    %jmp/1 T_2.4, 6;
    %dup/vec4;
    %pushi/vec4 3, 0, 4;
    %cmp/u;
    %jmp/1 T_2.5, 6;
    %dup/vec4;
    %pushi/vec4 4, 0, 4;
    %cmp/u;
    %jmp/1 T_2.6, 6;
    %dup/vec4;
    %pushi/vec4 5, 0, 4;
    %cmp/u;
    %jmp/1 T_2.7, 6;
    %dup/vec4;
    %pushi/vec4 6, 0, 4;
    %cmp/u;
    %jmp/1 T_2.8, 6;
    %dup/vec4;
    %pushi/vec4 7, 0, 4;
    %cmp/u;
    %jmp/1 T_2.9, 6;
    %dup/vec4;
    %pushi/vec4 8, 0, 4;
    %cmp/u;
    %jmp/1 T_2.10, 6;
    %dup/vec4;
    %pushi/vec4 9, 0, 4;
    %cmp/u;
    %jmp/1 T_2.11, 6;
    %dup/vec4;
    %pushi/vec4 10, 0, 4;
    %cmp/u;
    %jmp/1 T_2.12, 6;
    %dup/vec4;
    %pushi/vec4 12, 0, 4;
    %cmp/u;
    %jmp/1 T_2.13, 6;
    %pushi/vec4 0, 0, 4;
    %assign/vec4 v000001da0a9f6af0_0, 0;
    %jmp T_2.15;
T_2.2 ;
    %pushi/vec4 0, 0, 1;
    %assign/vec4 v000001da0a9f69b0_0, 0;
    %pushi/vec4 0, 0, 1;
    %assign/vec4 v000001da0a9f5e30_0, 0;
    %pushi/vec4 1, 0, 1;
    %assign/vec4 v000001da0a9f7270_0, 0;
    %pushi/vec4 1, 0, 1;
    %assign/vec4 v000001da0a9f6550_0, 0;
    %load/vec4 v000001da0a9f5930_0;
    %cmpi/e 1, 0, 1;
    %jmp/0xz  T_2.16, 4;
    %pushi/vec4 2, 0, 4;
    %assign/vec4 v000001da0a9f6af0_0, 0;
    %jmp T_2.17;
T_2.16 ;
    %pushi/vec4 0, 0, 4;
    %assign/vec4 v000001da0a9f6af0_0, 0;
T_2.17 ;
    %jmp T_2.15;
T_2.3 ;
    %pushi/vec4 0, 0, 1;
    %assign/vec4 v000001da0a9f69b0_0, 0;
    %pushi/vec4 1, 0, 1;
    %assign/vec4 v000001da0a9f6550_0, 0;
    %pushi/vec4 1, 0, 4;
    %assign/vec4 v000001da0a9f6af0_0, 0;
    %load/vec4 v000001da0a9f5d90_0;
    %load/vec4 v000001da0a9f7310_0;
    %concat/vec4; draw_concat_vec4
    %assign/vec4 v000001da0a9f5b10_0, 0;
    %jmp T_2.15;
T_2.4 ;
    %load/vec4 v000001da0a9f7310_0;
    %cmpi/e 1, 0, 1;
    %jmp/0xz  T_2.18, 4;
    %pushi/vec4 3, 0, 4;
    %assign/vec4 v000001da0a9f6af0_0, 0;
    %load/vec4 v000001da0a9f5b10_0;
    %parti/s 1, 0, 2;
    %assign/vec4 v000001da0a9f69b0_0, 0;
    %pushi/vec4 1, 0, 32;
    %assign/vec4 v000001da0a9f5110_0, 0;
    %jmp T_2.19;
T_2.18 ;
    %pushi/vec4 8, 0, 4;
    %assign/vec4 v000001da0a9f6af0_0, 0;
    %load/vec4 v000001da0a9f5b10_0;
    %parti/s 1, 0, 2;
    %assign/vec4 v000001da0a9f69b0_0, 0;
    %pushi/vec4 1, 0, 32;
    %assign/vec4 v000001da0a9f5110_0, 0;
T_2.19 ;
    %jmp T_2.15;
T_2.5 ;
    %load/vec4 v000001da0a9f5110_0;
    %cmpi/s 7, 0, 32;
    %flag_or 5, 4;
    %jmp/0xz  T_2.20, 5;
    %load/vec4 v000001da0a9f5d90_0;
    %load/vec4 v000001da0a9f5110_0;
    %part/s 1;
    %assign/vec4 v000001da0a9f69b0_0, 0;
    %load/vec4 v000001da0a9f5110_0;
    %addi 1, 0, 32;
    %assign/vec4 v000001da0a9f5110_0, 0;
    %jmp T_2.21;
T_2.20 ;
    %pushi/vec4 0, 0, 32;
    %assign/vec4 v000001da0a9f5110_0, 0;
    %pushi/vec4 4, 0, 4;
    %assign/vec4 v000001da0a9f6af0_0, 0;
T_2.21 ;
    %jmp T_2.15;
T_2.6 ;
    %load/vec4 v000001da0a9f57f0_0;
    %cmpi/e 1, 0, 1;
    %jmp/0xz  T_2.22, 4;
    %pushi/vec4 5, 0, 4;
    %assign/vec4 v000001da0a9f6af0_0, 0;
    %load/vec4 v000001da0a9f6c30_0;
    %parti/s 1, 0, 2;
    %assign/vec4 v000001da0a9f69b0_0, 0;
    %load/vec4 v000001da0a9f5110_0;
    %addi 1, 0, 32;
    %assign/vec4 v000001da0a9f5110_0, 0;
    %jmp T_2.23;
T_2.22 ;
    %pushi/vec4 4, 0, 4;
    %assign/vec4 v000001da0a9f6af0_0, 0;
T_2.23 ;
    %jmp T_2.15;
T_2.7 ;
    %load/vec4 v000001da0a9f5110_0;
    %cmpi/s 7, 0, 32;
    %flag_or 5, 4;
    %jmp/0xz  T_2.24, 5;
    %load/vec4 v000001da0a9f5110_0;
    %addi 1, 0, 32;
    %assign/vec4 v000001da0a9f5110_0, 0;
    %load/vec4 v000001da0a9f6c30_0;
    %load/vec4 v000001da0a9f5110_0;
    %part/s 1;
    %assign/vec4 v000001da0a9f69b0_0, 0;
    %jmp T_2.25;
T_2.24 ;
    %pushi/vec4 0, 0, 32;
    %assign/vec4 v000001da0a9f5110_0, 0;
    %pushi/vec4 6, 0, 4;
    %assign/vec4 v000001da0a9f6af0_0, 0;
T_2.25 ;
    %jmp T_2.15;
T_2.8 ;
    %load/vec4 v000001da0a9f57f0_0;
    %cmpi/e 1, 0, 1;
    %jmp/0xz  T_2.26, 4;
    %pushi/vec4 7, 0, 4;
    %assign/vec4 v000001da0a9f6af0_0, 0;
    %pushi/vec4 0, 0, 1;
    %assign/vec4 v000001da0a9f69b0_0, 0;
    %pushi/vec4 1, 0, 1;
    %assign/vec4 v000001da0a9f6550_0, 0;
    %jmp T_2.27;
T_2.26 ;
    %pushi/vec4 6, 0, 4;
    %assign/vec4 v000001da0a9f6af0_0, 0;
T_2.27 ;
    %jmp T_2.15;
T_2.9 ;
    %pushi/vec4 1, 0, 1;
    %assign/vec4 v000001da0a9f69b0_0, 0;
    %pushi/vec4 0, 0, 4;
    %assign/vec4 v000001da0a9f6af0_0, 0;
    %pushi/vec4 1, 0, 1;
    %assign/vec4 v000001da0a9f5e30_0, 0;
    %jmp T_2.15;
T_2.10 ;
    %load/vec4 v000001da0a9f5110_0;
    %cmpi/s 7, 0, 32;
    %flag_or 5, 4;
    %jmp/0xz  T_2.28, 5;
    %load/vec4 v000001da0a9f5b10_0;
    %load/vec4 v000001da0a9f5110_0;
    %part/s 1;
    %assign/vec4 v000001da0a9f69b0_0, 0;
    %load/vec4 v000001da0a9f5110_0;
    %addi 1, 0, 32;
    %assign/vec4 v000001da0a9f5110_0, 0;
    %jmp T_2.29;
T_2.28 ;
    %pushi/vec4 0, 0, 32;
    %assign/vec4 v000001da0a9f5110_0, 0;
    %pushi/vec4 9, 0, 4;
    %assign/vec4 v000001da0a9f6af0_0, 0;
T_2.29 ;
    %jmp T_2.15;
T_2.11 ;
    %load/vec4 v000001da0a9f57f0_0;
    %cmpi/e 1, 0, 1;
    %jmp/0xz  T_2.30, 4;
    %pushi/vec4 10, 0, 4;
    %assign/vec4 v000001da0a9f6af0_0, 0;
    %pushi/vec4 0, 0, 1;
    %assign/vec4 v000001da0a9f7270_0, 0;
    %jmp T_2.31;
T_2.30 ;
    %pushi/vec4 9, 0, 4;
    %assign/vec4 v000001da0a9f6af0_0, 0;
T_2.31 ;
    %jmp T_2.15;
T_2.12 ;
    %load/vec4 v000001da0a9f5110_0;
    %cmpi/s 7, 0, 32;
    %flag_or 5, 4;
    %jmp/0xz  T_2.32, 5;
    %load/vec4 v000001da0a9f5110_0;
    %addi 1, 0, 32;
    %assign/vec4 v000001da0a9f5110_0, 0;
    %pushi/vec4 10, 0, 4;
    %assign/vec4 v000001da0a9f6af0_0, 0;
    %load/vec4 v000001da0a9f7770_0;
    %ix/load 5, 0, 0;
    %ix/getv/s 4, v000001da0a9f5110_0;
    %assign/vec4/off/d v000001da0a9f52f0_0, 4, 5;
    %jmp T_2.33;
T_2.32 ;
    %pushi/vec4 0, 0, 32;
    %assign/vec4 v000001da0a9f5110_0, 0;
    %pushi/vec4 12, 0, 4;
    %assign/vec4 v000001da0a9f6af0_0, 0;
    %pushi/vec4 1, 0, 1;
    %assign/vec4 v000001da0a9f6550_0, 0;
    %pushi/vec4 0, 0, 1;
    %assign/vec4 v000001da0a9f69b0_0, 0;
T_2.33 ;
    %jmp T_2.15;
T_2.13 ;
    %pushi/vec4 1, 0, 1;
    %assign/vec4 v000001da0a9f69b0_0, 0;
    %pushi/vec4 0, 0, 4;
    %assign/vec4 v000001da0a9f6af0_0, 0;
    %pushi/vec4 1, 0, 1;
    %assign/vec4 v000001da0a9f5e30_0, 0;
    %jmp T_2.15;
T_2.15 ;
    %pop/vec4 1;
T_2.1 ;
    %jmp T_2;
    .thread T_2;
# The file index is used to find the file name in the following table.
:file_names 3;
    "N/A";
    "<interactive>";
    "i2c.v";
